# JRE version: OpenJDK Runtime Environment Temurin-17.0.11+9 (17.0.11+9) (build 17.0.11+9)
# Java VM: OpenJDK 64-Bit Server VM Temurin-17.0.11+9 (17.0.11+9, mixed mode, tiered, compressed oops, compressed class ptrs, parallel gc, linux-amd64)
GC Precious Log:
 CPUs: 8 total, 8 available
 Memory: 7811M
 Large Page Support: Disabled
 NUMA Support: Disabled
 Compressed Oops: Enabled (32-bit)
 Alignments: Space 512K, Generation 512K, Heap 2M
 Heap Min Capacity: 100M
 Heap Initial Capacity: 100M
 Heap Max Capacity: 1G
 Pre-touch: Disabled
 Parallel Workers: 8
Heap:
 PSYoungGen      total 7168K, used 4160K [0x00000000eab00000, 0x00000000eb780000, 0x0000000100000000)
  eden space 2560K, 0% used [0x00000000eab00000,0x00000000eab00000,0x00000000ead80000)
  from space 4608K, 90% used [0x00000000eb300000,0x00000000eb710000,0x00000000eb780000)
  to   space 5120K, 0% used [0x00000000ead80000,0x00000000ead80000,0x00000000eb280000)
 ParOldGen       total 126976K, used 124430K [0x00000000c0000000, 0x00000000c7c00000, 0x00000000eab00000)
  object space 126976K, 97% used [0x00000000c0000000,0x00000000c79838c8,0x00000000c7c00000)
 Metaspace       used 94259K, committed 95616K, reserved 1179648K
  class space    used 9552K, committed 10112K, reserved 1048576K
GC Heap History (20 events):
Event: 1988,449 GC heap after
{Heap after GC invocations=3320 (full 86):
 PSYoungGen      total 3072K, used 2447K [0x00000000eab00000, 0x00000000eb100000, 0x0000000100000000)
  eden space 512K, 0% used [0x00000000eab00000,0x00000000eab00000,0x00000000eab80000)
  from space 2560K, 95% used [0x00000000eab80000,0x00000000eade3c40,0x00000000eae00000)
  to   space 2560K, 0% used [0x00000000eae80000,0x00000000eae80000,0x00000000eb100000)
 ParOldGen       total 126976K, used 114851K [0x00000000c0000000, 0x00000000c7c00000, 0x00000000eab00000)
  object space 126976K, 90% used [0x00000000c0000000,0x00000000c7028c68,0x00000000c7c00000)
 Metaspace       used 94259K, committed 95616K, reserved 1179648K
  class space    used 9552K, committed 10112K, reserved 1048576K
}
Event: 1988,450 GC heap before
{Heap before GC invocations=3321 (full 86):
 PSYoungGen      total 3072K, used 2959K [0x00000000eab00000, 0x00000000eb100000, 0x0000000100000000)
  eden space 512K, 100% used [0x00000000eab00000,0x00000000eab80000,0x00000000eab80000)
  from space 2560K, 95% used [0x00000000eab80000,0x00000000eade3c40,0x00000000eae00000)
  to   space 2560K, 0% used [0x00000000eae80000,0x00000000eae80000,0x00000000eb100000)
 ParOldGen       total 126976K, used 114851K [0x00000000c0000000, 0x00000000c7c00000, 0x00000000eab00000)
  object space 126976K, 90% used [0x00000000c0000000,0x00000000c7028c68,0x00000000c7c00000)
 Metaspace       used 94259K, committed 95616K, reserved 1179648K
  class space    used 9552K, committed 10112K, reserved 1048576K
}
Event: 1988,453 GC heap after
{Heap after GC invocations=3321 (full 86):
 PSYoungGen      total 3072K, used 2543K [0x00000000eab00000, 0x00000000eb200000, 0x0000000100000000)
  eden space 512K, 0% used [0x00000000eab00000,0x00000000eab00000,0x00000000eab80000)
  from space 2560K, 99% used [0x00000000eae80000,0x00000000eb0fbc40,0x00000000eb100000)
  to   space 3072K, 0% used [0x00000000eab80000,0x00000000eab80000,0x00000000eae80000)
 ParOldGen       total 126976K, used 115195K [0x00000000c0000000, 0x00000000c7c00000, 0x00000000eab00000)
  object space 126976K, 90% used [0x00000000c0000000,0x00000000c707ec68,0x00000000c7c00000)
 Metaspace       used 94259K, committed 95616K, reserved 1179648K
  class space    used 9552K, committed 10112K, reserved 1048576K
}
Event: 1988,455 GC heap before
{Heap before GC invocations=3322 (full 86):
 PSYoungGen      total 3072K, used 3055K [0x00000000eab00000, 0x00000000eb200000, 0x0000000100000000)
  eden space 512K, 100% used [0x00000000eab00000,0x00000000eab80000,0x00000000eab80000)
  from space 2560K, 99% used [0x00000000eae80000,0x00000000eb0fbc40,0x00000000eb100000)
  to   space 3072K, 0% used [0x00000000eab80000,0x00000000eab80000,0x00000000eae80000)
 ParOldGen       total 126976K, used 115195K [0x00000000c0000000, 0x00000000c7c00000, 0x00000000eab00000)
  object space 126976K, 90% used [0x00000000c0000000,0x00000000c707ec68,0x00000000c7c00000)
 Metaspace       used 94259K, committed 95616K, reserved 1179648K
  class space    used 9552K, committed 10112K, reserved 1048576K
}
Event: 1988,459 GC heap after
{Heap after GC invocations=3322 (full 86):
 PSYoungGen      total 3584K, used 3055K [0x00000000eab00000, 0x00000000eb300000, 0x0000000100000000)
  eden space 512K, 0% used [0x00000000eab00000,0x00000000eab00000,0x00000000eab80000)
  from space 3072K, 99% used [0x00000000eab80000,0x00000000eae7bc40,0x00000000eae80000)
  to   space 3584K, 0% used [0x00000000eaf80000,0x00000000eaf80000,0x00000000eb300000)
 ParOldGen       total 126976K, used 115263K [0x00000000c0000000, 0x00000000c7c00000, 0x00000000eab00000)
  object space 126976K, 90% used [0x00000000c0000000,0x00000000c708fc78,0x00000000c7c00000)
 Metaspace       used 94259K, committed 95616K, reserved 1179648K
  class space    used 9552K, committed 10112K, reserved 1048576K
}
Event: 1988,460 GC heap before
{Heap before GC invocations=3323 (full 86):
 PSYoungGen      total 3584K, used 3567K [0x00000000eab00000, 0x00000000eb300000, 0x0000000100000000)
  eden space 512K, 99% used [0x00000000eab00000,0x00000000eab7fff8,0x00000000eab80000)
  from space 3072K, 99% used [0x00000000eab80000,0x00000000eae7bc40,0x00000000eae80000)
  to   space 3584K, 0% used [0x00000000eaf80000,0x00000000eaf80000,0x00000000eb300000)
 ParOldGen       total 126976K, used 115263K [0x00000000c0000000, 0x00000000c7c00000, 0x00000000eab00000)
  object space 126976K, 90% used [0x00000000c0000000,0x00000000c708fc78,0x00000000c7c00000)
 Metaspace       used 94259K, committed 95616K, reserved 1179648K
  class space    used 9552K, committed 10112K, reserved 1048576K
}
Event: 1988,463 GC heap after
{Heap after GC invocations=3323 (full 86):
 PSYoungGen      total 4608K, used 3471K [0x00000000eab00000, 0x00000000eb300000, 0x0000000100000000)
  eden space 1024K, 0% used [0x00000000eab00000,0x00000000eab00000,0x00000000eac00000)
  from space 3584K, 96% used [0x00000000eaf80000,0x00000000eb2e3c40,0x00000000eb300000)
  to   space 3584K, 0% used [0x00000000eac00000,0x00000000eac00000,0x00000000eaf80000)
 ParOldGen       total 126976K, used 115407K [0x00000000c0000000, 0x00000000c7c00000, 0x00000000eab00000)
  object space 126976K, 90% used [0x00000000c0000000,0x00000000c70b3c88,0x00000000c7c00000)
 Metaspace       used 94259K, committed 95616K, reserved 1179648K
  class space    used 9552K, committed 10112K, reserved 1048576K
}
Event: 1988,466 GC heap before
{Heap before GC invocations=3324 (full 86):
 PSYoungGen      total 4608K, used 4495K [0x00000000eab00000, 0x00000000eb300000, 0x0000000100000000)
  eden space 1024K, 100% used [0x00000000eab00000,0x00000000eac00000,0x00000000eac00000)
  from space 3584K, 96% used [0x00000000eaf80000,0x00000000eb2e3c40,0x00000000eb300000)
  to   space 3584K, 0% used [0x00000000eac00000,0x00000000eac00000,0x00000000eaf80000)
 ParOldGen       total 126976K, used 115407K [0x00000000c0000000, 0x00000000c7c00000, 0x00000000eab00000)
  object space 126976K, 90% used [0x00000000c0000000,0x00000000c70b3c88,0x00000000c7c00000)
 Metaspace       used 94259K, committed 95616K, reserved 1179648K
  class space    used 9552K, committed 10112K, reserved 1048576K
}
Event: 1988,468 GC heap after
{Heap after GC invocations=3324 (full 86):
 PSYoungGen      total 4608K, used 3584K [0x00000000eab00000, 0x00000000eb580000, 0x0000000100000000)
  eden space 1024K, 0% used [0x00000000eab00000,0x00000000eab00000,0x00000000eac00000)
  from space 3584K, 100% used [0x00000000eac00000,0x00000000eaf80000,0x00000000eaf80000)
  to   space 4608K, 0% used [0x00000000eb100000,0x00000000eb100000,0x00000000eb580000)
 ParOldGen       total 126976K, used 116206K [0x00000000c0000000, 0x00000000c7c00000, 0x00000000eab00000)
  object space 126976K, 91% used [0x00000000c0000000,0x00000000c717b8c8,0x00000000c7c00000)
 Metaspace       used 94259K, committed 95616K, reserved 1179648K
  class space    used 9552K, committed 10112K, reserved 1048576K
}
Event: 1988,471 GC heap before
{Heap before GC invocations=3325 (full 86):
 PSYoungGen      total 4608K, used 4608K [0x00000000eab00000, 0x00000000eb580000, 0x0000000100000000)
  eden space 1024K, 100% used [0x00000000eab00000,0x00000000eac00000,0x00000000eac00000)
  from space 3584K, 100% used [0x00000000eac00000,0x00000000eaf80000,0x00000000eaf80000)
  to   space 4608K, 0% used [0x00000000eb100000,0x00000000eb100000,0x00000000eb580000)
 ParOldGen       total 126976K, used 116206K [0x00000000c0000000, 0x00000000c7c00000, 0x00000000eab00000)
  object space 126976K, 91% used [0x00000000c0000000,0x00000000c717b8c8,0x00000000c7c00000)
 Metaspace       used 94259K, committed 95616K, reserved 1179648K
  class space    used 9552K, committed 10112K, reserved 1048576K
}
Event: 1988,476 GC heap after
{Heap after GC invocations=3325 (full 86):
 PSYoungGen      total 5632K, used 3808K [0x00000000eab00000, 0x00000000eb500000, 0x0000000100000000)
  eden space 1536K, 0% used [0x00000000eab00000,0x00000000eab00000,0x00000000eac80000)
  from space 4096K, 92% used [0x00000000eb100000,0x00000000eb4b8000,0x00000000eb500000)
  to   space 4096K, 0% used [0x00000000ead00000,0x00000000ead00000,0x00000000eb100000)
 ParOldGen       total 126976K, used 117054K [0x00000000c0000000, 0x00000000c7c00000, 0x00000000eab00000)
  object space 126976K, 92% used [0x00000000c0000000,0x00000000c724f8c8,0x00000000c7c00000)
 Metaspace       used 94259K, committed 95616K, reserved 1179648K
  class space    used 9552K, committed 10112K, reserved 1048576K
}
Event: 1988,480 GC heap before
{Heap before GC invocations=3326 (full 86):
 PSYoungGen      total 5632K, used 5344K [0x00000000eab00000, 0x00000000eb500000, 0x0000000100000000)
  eden space 1536K, 100% used [0x00000000eab00000,0x00000000eac80000,0x00000000eac80000)
  from space 4096K, 92% used [0x00000000eb100000,0x00000000eb4b8000,0x00000000eb500000)
  to   space 4096K, 0% used [0x00000000ead00000,0x00000000ead00000,0x00000000eb100000)
 ParOldGen       total 126976K, used 117054K [0x00000000c0000000, 0x00000000c7c00000, 0x00000000eab00000)
  object space 126976K, 92% used [0x00000000c0000000,0x00000000c724f8c8,0x00000000c7c00000)
 Metaspace       used 94259K, committed 95616K, reserved 1179648K
  class space    used 9552K, committed 10112K, reserved 1048576K
}
Event: 1988,484 GC heap after
{Heap after GC invocations=3326 (full 86):
 PSYoungGen      total 6144K, used 4096K [0x00000000eab00000, 0x00000000eb800000, 0x0000000100000000)
  eden space 2048K, 0% used [0x00000000eab00000,0x00000000eab00000,0x00000000ead00000)
  from space 4096K, 100% used [0x00000000ead00000,0x00000000eb100000,0x00000000eb100000)
  to   space 5632K, 0% used [0x00000000eb280000,0x00000000eb280000,0x00000000eb800000)
 ParOldGen       total 126976K, used 118254K [0x00000000c0000000, 0x00000000c7c00000, 0x00000000eab00000)
  object space 126976K, 93% used [0x00000000c0000000,0x00000000c737b8c8,0x00000000c7c00000)
 Metaspace       used 94259K, committed 95616K, reserved 1179648K
  class space    used 9552K, committed 10112K, reserved 1048576K
}
Event: 1988,490 GC heap before
{Heap before GC invocations=3327 (full 86):
 PSYoungGen      total 6144K, used 6144K [0x00000000eab00000, 0x00000000eb800000, 0x0000000100000000)
  eden space 2048K, 100% used [0x00000000eab00000,0x00000000ead00000,0x00000000ead00000)
  from space 4096K, 100% used [0x00000000ead00000,0x00000000eb100000,0x00000000eb100000)
  to   space 5632K, 0% used [0x00000000eb280000,0x00000000eb280000,0x00000000eb800000)
 ParOldGen       total 126976K, used 118254K [0x00000000c0000000, 0x00000000c7c00000, 0x00000000eab00000)
  object space 126976K, 93% used [0x00000000c0000000,0x00000000c737b8c8,0x00000000c7c00000)
 Metaspace       used 94259K, committed 95616K, reserved 1179648K
  class space    used 9552K, committed 10112K, reserved 1048576K
}
Event: 1988,495 GC heap after
{Heap after GC invocations=3327 (full 86):
 PSYoungGen      total 7680K, used 5280K [0x00000000eab00000, 0x00000000eb880000, 0x0000000100000000)
  eden space 2048K, 0% used [0x00000000eab00000,0x00000000eab00000,0x00000000ead00000)
  from space 5632K, 93% used [0x00000000eb280000,0x00000000eb7a8000,0x00000000eb800000)
  to   space 5632K, 0% used [0x00000000ead00000,0x00000000ead00000,0x00000000eb280000)
 ParOldGen       total 126976K, used 119182K [0x00000000c0000000, 0x00000000c7c00000, 0x00000000eab00000)
  object space 126976K, 93% used [0x00000000c0000000,0x00000000c74638c8,0x00000000c7c00000)
 Metaspace       used 94259K, committed 95616K, reserved 1179648K
  class space    used 9552K, committed 10112K, reserved 1048576K
}
Event: 1988,500 GC heap before
{Heap before GC invocations=3328 (full 86):
 PSYoungGen      total 7680K, used 7328K [0x00000000eab00000, 0x00000000eb880000, 0x0000000100000000)
  eden space 2048K, 100% used [0x00000000eab00000,0x00000000ead00000,0x00000000ead00000)
  from space 5632K, 93% used [0x00000000eb280000,0x00000000eb7a8000,0x00000000eb800000)
  to   space 5632K, 0% used [0x00000000ead00000,0x00000000ead00000,0x00000000eb280000)
 ParOldGen       total 126976K, used 119182K [0x00000000c0000000, 0x00000000c7c00000, 0x00000000eab00000)
  object space 126976K, 93% used [0x00000000c0000000,0x00000000c74638c8,0x00000000c7c00000)
 Metaspace       used 94259K, committed 95616K, reserved 1179648K
  class space    used 9552K, committed 10112K, reserved 1048576K
}
Event: 1988,505 GC heap after
{Heap after GC invocations=3328 (full 86):
 PSYoungGen      total 7680K, used 5536K [0x00000000eab00000, 0x00000000eb880000, 0x0000000100000000)
  eden space 2048K, 0% used [0x00000000eab00000,0x00000000eab00000,0x00000000ead00000)
  from space 5632K, 98% used [0x00000000ead00000,0x00000000eb268000,0x00000000eb280000)
  to   space 5632K, 0% used [0x00000000eb300000,0x00000000eb300000,0x00000000eb880000)
 ParOldGen       total 126976K, used 121022K [0x00000000c0000000, 0x00000000c7c00000, 0x00000000eab00000)
  object space 126976K, 95% used [0x00000000c0000000,0x00000000c762f8c8,0x00000000c7c00000)
 Metaspace       used 94259K, committed 95616K, reserved 1179648K
  class space    used 9552K, committed 10112K, reserved 1048576K
}
Event: 1988,509 GC heap before
{Heap before GC invocations=3329 (full 86):
 PSYoungGen      total 7680K, used 7584K [0x00000000eab00000, 0x00000000eb880000, 0x0000000100000000)
  eden space 2048K, 100% used [0x00000000eab00000,0x00000000ead00000,0x00000000ead00000)
  from space 5632K, 98% used [0x00000000ead00000,0x00000000eb268000,0x00000000eb280000)
  to   space 5632K, 0% used [0x00000000eb300000,0x00000000eb300000,0x00000000eb880000)
 ParOldGen       total 126976K, used 121022K [0x00000000c0000000, 0x00000000c7c00000, 0x00000000eab00000)
  object space 126976K, 95% used [0x00000000c0000000,0x00000000c762f8c8,0x00000000c7c00000)
 Metaspace       used 94259K, committed 95616K, reserved 1179648K
  class space    used 9552K, committed 10112K, reserved 1048576K
}
Event: 1988,514 GC heap after
{Heap after GC invocations=3329 (full 86):
 PSYoungGen      total 7168K, used 4160K [0x00000000eab00000, 0x00000000eb780000, 0x0000000100000000)
  eden space 2560K, 0% used [0x00000000eab00000,0x00000000eab00000,0x00000000ead80000)
  from space 4608K, 90% used [0x00000000eb300000,0x00000000eb710000,0x00000000eb780000)
  to   space 5120K, 0% used [0x00000000ead80000,0x00000000ead80000,0x00000000eb280000)
 ParOldGen       total 126976K, used 124430K [0x00000000c0000000, 0x00000000c7c00000, 0x00000000eab00000)
  object space 126976K, 97% used [0x00000000c0000000,0x00000000c79838c8,0x00000000c7c00000)
 Metaspace       used 94259K, committed 95616K, reserved 1179648K
  class space    used 9552K, committed 10112K, reserved 1048576K
}
Event: 1988,514 GC heap before
{Heap before GC invocations=3330 (full 87):
 PSYoungGen      total 7168K, used 4160K [0x00000000eab00000, 0x00000000eb780000, 0x0000000100000000)
  eden space 2560K, 0% used [0x00000000eab00000,0x00000000eab00000,0x00000000ead80000)
  from space 4608K, 90% used [0x00000000eb300000,0x00000000eb710000,0x00000000eb780000)
  to   space 5120K, 0% used [0x00000000ead80000,0x00000000ead80000,0x00000000eb280000)
 ParOldGen       total 126976K, used 124430K [0x00000000c0000000, 0x00000000c7c00000, 0x00000000eab00000)
  object space 126976K, 97% used [0x00000000c0000000,0x00000000c79838c8,0x00000000c7c00000)
 Metaspace       used 94259K, committed 95616K, reserved 1179648K
  class space    used 9552K, committed 10112K, reserved 1048576K
}

