# JRE version: OpenJDK Runtime Environment Temurin-17.0.11+9 (17.0.11+9) (build 17.0.11+9)
# Java VM: OpenJDK 64-Bit Server VM Temurin-17.0.11+9 (17.0.11+9, mixed mode, tiered, compressed oops, compressed class ptrs, parallel gc, linux-amd64)
GC Precious Log:
 CPUs: 8 total, 8 available
 Memory: 7811M
 Large Page Support: Disabled
 NUMA Support: Disabled
 Compressed Oops: Enabled (32-bit)
 Alignments: Space 512K, Generation 512K, Heap 2M
 Heap Min Capacity: 100M
 Heap Initial Capacity: 100M
 Heap Max Capacity: 1G
 Pre-touch: Disabled
 Parallel Workers: 8
Heap:
 PSYoungGen      total 14336K, used 12342K [0x00000000eab00000, 0x00000000ebf00000, 0x0000000100000000)
  eden space 7168K, 100% used [0x00000000eab00000,0x00000000eb200000,0x00000000eb200000)
  from space 7168K, 72% used [0x00000000eb200000,0x00000000eb70d9b0,0x00000000eb900000)
  to   space 6144K, 0% used [0x00000000eb900000,0x00000000eb900000,0x00000000ebf00000)
 ParOldGen       total 282112K, used 279313K [0x00000000c0000000, 0x00000000d1380000, 0x00000000eab00000)
  object space 282112K, 99% used [0x00000000c0000000,0x00000000d10c4630,0x00000000d1380000)
 Metaspace       used 102742K, committed 104064K, reserved 1179648K
  class space    used 10097K, committed 10688K, reserved 1048576K
GC Heap History (20 events):
Event: 7609,095 GC heap after
{Heap after GC invocations=5629 (full 115):
 PSYoungGen      total 12288K, used 489K [0x00000000eab00000, 0x00000000eba00000, 0x0000000100000000)
  eden space 11776K, 0% used [0x00000000eab00000,0x00000000eab00000,0x00000000eb680000)
  from space 512K, 95% used [0x00000000eb980000,0x00000000eb9fa420,0x00000000eba00000)
  to   space 1024K, 0% used [0x00000000eb800000,0x00000000eb800000,0x00000000eb900000)
 ParOldGen       total 282112K, used 153259K [0x00000000c0000000, 0x00000000d1380000, 0x00000000eab00000)
  object space 282112K, 54% used [0x00000000c0000000,0x00000000c95aae78,0x00000000d1380000)
 Metaspace       used 102739K, committed 104064K, reserved 1179648K
  class space    used 10097K, committed 10688K, reserved 1048576K
}
Event: 7609,352 GC heap before
{Heap before GC invocations=5630 (full 115):
 PSYoungGen      total 12288K, used 12265K [0x00000000eab00000, 0x00000000eba00000, 0x0000000100000000)
  eden space 11776K, 100% used [0x00000000eab00000,0x00000000eb680000,0x00000000eb680000)
  from space 512K, 95% used [0x00000000eb980000,0x00000000eb9fa420,0x00000000eba00000)
  to   space 1024K, 0% used [0x00000000eb800000,0x00000000eb800000,0x00000000eb900000)
 ParOldGen       total 282112K, used 153259K [0x00000000c0000000, 0x00000000d1380000, 0x00000000eab00000)
  object space 282112K, 54% used [0x00000000c0000000,0x00000000c95aae78,0x00000000d1380000)
 Metaspace       used 102739K, committed 104064K, reserved 1179648K
  class space    used 10097K, committed 10688K, reserved 1048576K
}
Event: 7609,355 GC heap after
{Heap after GC invocations=5630 (full 115):
 PSYoungGen      total 12800K, used 1010K [0x00000000eab00000, 0x00000000ebc80000, 0x0000000100000000)
  eden space 11776K, 0% used [0x00000000eab00000,0x00000000eab00000,0x00000000eb680000)
  from space 1024K, 98% used [0x00000000eb800000,0x00000000eb8fcb58,0x00000000eb900000)
  to   space 3072K, 0% used [0x00000000eb980000,0x00000000eb980000,0x00000000ebc80000)
 ParOldGen       total 282112K, used 154589K [0x00000000c0000000, 0x00000000d1380000, 0x00000000eab00000)
  object space 282112K, 54% used [0x00000000c0000000,0x00000000c96f7500,0x00000000d1380000)
 Metaspace       used 102739K, committed 104064K, reserved 1179648K
  class space    used 10097K, committed 10688K, reserved 1048576K
}
Event: 7610,509 GC heap before
{Heap before GC invocations=5631 (full 115):
 PSYoungGen      total 12800K, used 12786K [0x00000000eab00000, 0x00000000ebc80000, 0x0000000100000000)
  eden space 11776K, 100% used [0x00000000eab00000,0x00000000eb680000,0x00000000eb680000)
  from space 1024K, 98% used [0x00000000eb800000,0x00000000eb8fcb58,0x00000000eb900000)
  to   space 3072K, 0% used [0x00000000eb980000,0x00000000eb980000,0x00000000ebc80000)
 ParOldGen       total 282112K, used 154589K [0x00000000c0000000, 0x00000000d1380000, 0x00000000eab00000)
  object space 282112K, 54% used [0x00000000c0000000,0x00000000c96f7500,0x00000000d1380000)
 Metaspace       used 102741K, committed 104064K, reserved 1179648K
  class space    used 10097K, committed 10688K, reserved 1048576K
}
Event: 7610,510 GC heap after
{Heap after GC invocations=5631 (full 115):
 PSYoungGen      total 12800K, used 736K [0x00000000eab00000, 0x00000000eba80000, 0x0000000100000000)
  eden space 11776K, 0% used [0x00000000eab00000,0x00000000eab00000,0x00000000eb680000)
  from space 1024K, 71% used [0x00000000eb980000,0x00000000eba38000,0x00000000eba80000)
  to   space 1536K, 0% used [0x00000000eb780000,0x00000000eb780000,0x00000000eb900000)
 ParOldGen       total 282112K, used 155627K [0x00000000c0000000, 0x00000000d1380000, 0x00000000eab00000)
  object space 282112K, 55% used [0x00000000c0000000,0x00000000c97fac30,0x00000000d1380000)
 Metaspace       used 102741K, committed 104064K, reserved 1179648K
  class space    used 10097K, committed 10688K, reserved 1048576K
}
Event: 7610,940 GC heap before
{Heap before GC invocations=5632 (full 115):
 PSYoungGen      total 12800K, used 12512K [0x00000000eab00000, 0x00000000eba80000, 0x0000000100000000)
  eden space 11776K, 100% used [0x00000000eab00000,0x00000000eb680000,0x00000000eb680000)
  from space 1024K, 71% used [0x00000000eb980000,0x00000000eba38000,0x00000000eba80000)
  to   space 1536K, 0% used [0x00000000eb780000,0x00000000eb780000,0x00000000eb900000)
 ParOldGen       total 282112K, used 155627K [0x00000000c0000000, 0x00000000d1380000, 0x00000000eab00000)
  object space 282112K, 55% used [0x00000000c0000000,0x00000000c97fac30,0x00000000d1380000)
 Metaspace       used 102742K, committed 104064K, reserved 1179648K
  class space    used 10097K, committed 10688K, reserved 1048576K
}
Event: 7610,942 GC heap after
{Heap after GC invocations=5632 (full 115):
 PSYoungGen      total 13312K, used 1533K [0x00000000eab00000, 0x00000000ebc80000, 0x0000000100000000)
  eden space 11776K, 0% used [0x00000000eab00000,0x00000000eab00000,0x00000000eb680000)
  from space 1536K, 99% used [0x00000000eb780000,0x00000000eb8ff620,0x00000000eb900000)
  to   space 3072K, 0% used [0x00000000eb980000,0x00000000eb980000,0x00000000ebc80000)
 ParOldGen       total 282112K, used 156596K [0x00000000c0000000, 0x00000000d1380000, 0x00000000eab00000)
  object space 282112K, 55% used [0x00000000c0000000,0x00000000c98ed268,0x00000000d1380000)
 Metaspace       used 102742K, committed 104064K, reserved 1179648K
  class space    used 10097K, committed 10688K, reserved 1048576K
}
Event: 7610,964 GC heap before
{Heap before GC invocations=5633 (full 115):
 PSYoungGen      total 13312K, used 13309K [0x00000000eab00000, 0x00000000ebc80000, 0x0000000100000000)
  eden space 11776K, 100% used [0x00000000eab00000,0x00000000eb680000,0x00000000eb680000)
  from space 1536K, 99% used [0x00000000eb780000,0x00000000eb8ff620,0x00000000eb900000)
  to   space 3072K, 0% used [0x00000000eb980000,0x00000000eb980000,0x00000000ebc80000)
 ParOldGen       total 282112K, used 156596K [0x00000000c0000000, 0x00000000d1380000, 0x00000000eab00000)
  object space 282112K, 55% used [0x00000000c0000000,0x00000000c98ed268,0x00000000d1380000)
 Metaspace       used 102742K, committed 104064K, reserved 1179648K
  class space    used 10097K, committed 10688K, reserved 1048576K
}
Event: 7610,966 GC heap after
{Heap after GC invocations=5633 (full 115):
 PSYoungGen      total 13312K, used 1236K [0x00000000eab00000, 0x00000000ebb00000, 0x0000000100000000)
  eden space 11776K, 0% used [0x00000000eab00000,0x00000000eab00000,0x00000000eb680000)
  from space 1536K, 80% used [0x00000000eb980000,0x00000000ebab5200,0x00000000ebb00000)
  to   space 2048K, 0% used [0x00000000eb700000,0x00000000eb700000,0x00000000eb900000)
 ParOldGen       total 282112K, used 157827K [0x00000000c0000000, 0x00000000d1380000, 0x00000000eab00000)
  object space 282112K, 55% used [0x00000000c0000000,0x00000000c9a20c30,0x00000000d1380000)
 Metaspace       used 102742K, committed 104064K, reserved 1179648K
  class space    used 10097K, committed 10688K, reserved 1048576K
}
Event: 7611,288 GC heap before
{Heap before GC invocations=5634 (full 115):
 PSYoungGen      total 13312K, used 13012K [0x00000000eab00000, 0x00000000ebb00000, 0x0000000100000000)
  eden space 11776K, 100% used [0x00000000eab00000,0x00000000eb680000,0x00000000eb680000)
  from space 1536K, 80% used [0x00000000eb980000,0x00000000ebab5200,0x00000000ebb00000)
  to   space 2048K, 0% used [0x00000000eb700000,0x00000000eb700000,0x00000000eb900000)
 ParOldGen       total 282112K, used 157827K [0x00000000c0000000, 0x00000000d1380000, 0x00000000eab00000)
  object space 282112K, 55% used [0x00000000c0000000,0x00000000c9a20c30,0x00000000d1380000)
 Metaspace       used 102742K, committed 104064K, reserved 1179648K
  class space    used 10097K, committed 10688K, reserved 1048576K
}
Event: 7611,293 GC heap after
{Heap after GC invocations=5634 (full 115):
 PSYoungGen      total 13824K, used 2046K [0x00000000eab00000, 0x00000000ec880000, 0x0000000100000000)
  eden space 11776K, 0% used [0x00000000eab00000,0x00000000eab00000,0x00000000eb680000)
  from space 2048K, 99% used [0x00000000eb700000,0x00000000eb8ff880,0x00000000eb900000)
  to   space 9216K, 0% used [0x00000000ebf80000,0x00000000ebf80000,0x00000000ec880000)
 ParOldGen       total 282112K, used 163667K [0x00000000c0000000, 0x00000000d1380000, 0x00000000eab00000)
  object space 282112K, 58% used [0x00000000c0000000,0x00000000c9fd4c30,0x00000000d1380000)
 Metaspace       used 102742K, committed 104064K, reserved 1179648K
  class space    used 10097K, committed 10688K, reserved 1048576K
}
Event: 7611,338 GC heap before
{Heap before GC invocations=5635 (full 115):
 PSYoungGen      total 13824K, used 13822K [0x00000000eab00000, 0x00000000ec880000, 0x0000000100000000)
  eden space 11776K, 100% used [0x00000000eab00000,0x00000000eb680000,0x00000000eb680000)
  from space 2048K, 99% used [0x00000000eb700000,0x00000000eb8ff880,0x00000000eb900000)
  to   space 9216K, 0% used [0x00000000ebf80000,0x00000000ebf80000,0x00000000ec880000)
 ParOldGen       total 282112K, used 163667K [0x00000000c0000000, 0x00000000d1380000, 0x00000000eab00000)
  object space 282112K, 58% used [0x00000000c0000000,0x00000000c9fd4c30,0x00000000d1380000)
 Metaspace       used 102742K, committed 104064K, reserved 1179648K
  class space    used 10097K, committed 10688K, reserved 1048576K
}
Event: 7611,344 GC heap after
{Heap after GC invocations=5635 (full 115):
 PSYoungGen      total 15872K, used 9191K [0x00000000eab00000, 0x00000000ed280000, 0x0000000100000000)
  eden space 6656K, 0% used [0x00000000eab00000,0x00000000eab00000,0x00000000eb180000)
  from space 9216K, 99% used [0x00000000ebf80000,0x00000000ec879c00,0x00000000ec880000)
  to   space 14336K, 0% used [0x00000000eb180000,0x00000000eb180000,0x00000000ebf80000)
 ParOldGen       total 282112K, used 167449K [0x00000000c0000000, 0x00000000d1380000, 0x00000000eab00000)
  object space 282112K, 59% used [0x00000000c0000000,0x00000000ca3864b0,0x00000000d1380000)
 Metaspace       used 102742K, committed 104064K, reserved 1179648K
  class space    used 10097K, committed 10688K, reserved 1048576K
}
Event: 7611,428 GC heap before
{Heap before GC invocations=5636 (full 115):
 PSYoungGen      total 15872K, used 15847K [0x00000000eab00000, 0x00000000ed280000, 0x0000000100000000)
  eden space 6656K, 100% used [0x00000000eab00000,0x00000000eb180000,0x00000000eb180000)
  from space 9216K, 99% used [0x00000000ebf80000,0x00000000ec879c00,0x00000000ec880000)
  to   space 14336K, 0% used [0x00000000eb180000,0x00000000eb180000,0x00000000ebf80000)
 ParOldGen       total 282112K, used 167449K [0x00000000c0000000, 0x00000000d1380000, 0x00000000eab00000)
  object space 282112K, 59% used [0x00000000c0000000,0x00000000ca3864b0,0x00000000d1380000)
 Metaspace       used 102742K, committed 104064K, reserved 1179648K
  class space    used 10097K, committed 10688K, reserved 1048576K
}
Event: 7611,440 GC heap after
{Heap after GC invocations=5636 (full 115):
 PSYoungGen      total 11776K, used 4700K [0x00000000eab00000, 0x00000000ec180000, 0x0000000100000000)
  eden space 6656K, 0% used [0x00000000eab00000,0x00000000eab00000,0x00000000eb180000)
  from space 5120K, 91% used [0x00000000eb180000,0x00000000eb617000,0x00000000eb680000)
  to   space 8192K, 0% used [0x00000000eb980000,0x00000000eb980000,0x00000000ec180000)
 ParOldGen       total 282112K, used 176017K [0x00000000c0000000, 0x00000000d1380000, 0x00000000eab00000)
  object space 282112K, 62% used [0x00000000c0000000,0x00000000cabe44b0,0x00000000d1380000)
 Metaspace       used 102742K, committed 104064K, reserved 1179648K
  class space    used 10097K, committed 10688K, reserved 1048576K
}
Event: 7611,448 GC heap before
{Heap before GC invocations=5637 (full 115):
 PSYoungGen      total 11776K, used 11356K [0x00000000eab00000, 0x00000000ec180000, 0x0000000100000000)
  eden space 6656K, 100% used [0x00000000eab00000,0x00000000eb180000,0x00000000eb180000)
  from space 5120K, 91% used [0x00000000eb180000,0x00000000eb617000,0x00000000eb680000)
  to   space 8192K, 0% used [0x00000000eb980000,0x00000000eb980000,0x00000000ec180000)
 ParOldGen       total 282112K, used 176017K [0x00000000c0000000, 0x00000000d1380000, 0x00000000eab00000)
  object space 282112K, 62% used [0x00000000c0000000,0x00000000cabe44b0,0x00000000d1380000)
 Metaspace       used 102742K, committed 104064K, reserved 1179648K
  class space    used 10097K, committed 10688K, reserved 1048576K
}
Event: 7611,456 GC heap after
{Heap after GC invocations=5637 (full 115):
 PSYoungGen      total 13312K, used 6639K [0x00000000eab00000, 0x00000000ec000000, 0x0000000100000000)
  eden space 6656K, 0% used [0x00000000eab00000,0x00000000eab00000,0x00000000eb180000)
  from space 6656K, 99% used [0x00000000eb980000,0x00000000ebffbe58,0x00000000ec000000)
  to   space 7168K, 0% used [0x00000000eb200000,0x00000000eb200000,0x00000000eb900000)
 ParOldGen       total 282112K, used 180629K [0x00000000c0000000, 0x00000000d1380000, 0x00000000eab00000)
  object space 282112K, 64% used [0x00000000c0000000,0x00000000cb0654b0,0x00000000d1380000)
 Metaspace       used 102742K, committed 104064K, reserved 1179648K
  class space    used 10097K, committed 10688K, reserved 1048576K
}
Event: 7611,464 GC heap before
{Heap before GC invocations=5638 (full 115):
 PSYoungGen      total 13312K, used 13295K [0x00000000eab00000, 0x00000000ec000000, 0x0000000100000000)
  eden space 6656K, 100% used [0x00000000eab00000,0x00000000eb180000,0x00000000eb180000)
  from space 6656K, 99% used [0x00000000eb980000,0x00000000ebffbe58,0x00000000ec000000)
  to   space 7168K, 0% used [0x00000000eb200000,0x00000000eb200000,0x00000000eb900000)
 ParOldGen       total 282112K, used 180629K [0x00000000c0000000, 0x00000000d1380000, 0x00000000eab00000)
  object space 282112K, 64% used [0x00000000c0000000,0x00000000cb0654b0,0x00000000d1380000)
 Metaspace       used 102742K, committed 104064K, reserved 1179648K
  class space    used 10097K, committed 10688K, reserved 1048576K
}
Event: 7611,468 GC heap after
{Heap after GC invocations=5638 (full 115):
 PSYoungGen      total 14336K, used 5174K [0x00000000eab00000, 0x00000000ebf00000, 0x0000000100000000)
  eden space 7168K, 0% used [0x00000000eab00000,0x00000000eab00000,0x00000000eb200000)
  from space 7168K, 72% used [0x00000000eb200000,0x00000000eb70d9b0,0x00000000eb900000)
  to   space 6144K, 0% used [0x00000000eb900000,0x00000000eb900000,0x00000000ebf00000)
 ParOldGen       total 282112K, used 187153K [0x00000000c0000000, 0x00000000d1380000, 0x00000000eab00000)
  object space 282112K, 66% used [0x00000000c0000000,0x00000000cb6c45a0,0x00000000d1380000)
 Metaspace       used 102742K, committed 104064K, reserved 1179648K
  class space    used 10097K, committed 10688K, reserved 1048576K
}
Event: 7611,495 GC heap before
{Heap before GC invocations=5639 (full 116):
 PSYoungGen      total 14336K, used 12342K [0x00000000eab00000, 0x00000000ebf00000, 0x0000000100000000)
  eden space 7168K, 100% used [0x00000000eab00000,0x00000000eb200000,0x00000000eb200000)
  from space 7168K, 72% used [0x00000000eb200000,0x00000000eb70d9b0,0x00000000eb900000)
  to   space 6144K, 0% used [0x00000000eb900000,0x00000000eb900000,0x00000000ebf00000)
 ParOldGen       total 282112K, used 279313K [0x00000000c0000000, 0x00000000d1380000, 0x00000000eab00000)
  object space 282112K, 99% used [0x00000000c0000000,0x00000000d10c4630,0x00000000d1380000)
 Metaspace       used 102742K, committed 104064K, reserved 1179648K
  class space    used 10097K, committed 10688K, reserved 1048576K
}

